<?xml version="1.0" encoding="UTF-8"?>
<!-- Generated by org.testng.reporters.JUnitReportReporter -->
<testsuite hostname="DESKTOP-UBD8RA6" failures="0" tests="1" name="practice_test.Patch_Method" time="2.406" errors="0" timestamp="2024-08-13T11:48:49 IST" skipped="0">
  <testcase classname="practice_test.Patch_Method" name="tc2" time="2.406"/>
  <system-out/>
</testsuite> <!-- practice_test.Patch_Method -->
