<?xml version="1.0" encoding="UTF-8"?>
<!-- Generated by org.testng.reporters.JUnitReportReporter -->
<testsuite hostname="DESKTOP-UBD8RA6" failures="0" tests="1" name="sdet_.Post_Reqest_Multiple_ways" time="3.552" errors="0" timestamp="2024-08-22T15:00:31 IST" skipped="0">
  <testcase classname="sdet_.Post_Reqest_Multiple_ways" name="hash_Map_way" time="3.552"/>
  <system-out/>
</testsuite> <!-- sdet_.Post_Reqest_Multiple_ways -->
