<?xml version="1.0" encoding="UTF-8"?>
<!-- Generated by org.testng.reporters.JUnitReportReporter -->
<testsuite hostname="DESKTOP-UBD8RA6" failures="0" tests="1" name="practice_test.Bearer_Token" time="4.845" errors="0" timestamp="2024-08-14T00:45:57 IST" skipped="0">
  <testcase classname="practice_test.Bearer_Token" name="bearer_Auth_Token" time="4.845"/>
  <system-out/>
</testsuite> <!-- practice_test.Bearer_Token -->
