<?xml version="1.0" encoding="UTF-8"?>
<!-- Generated by org.testng.reporters.JUnitReportReporter -->
<testsuite hostname="DESKTOP-UBD8RA6" failures="0" tests="1" name="practice_test.API_Key" time="6.229" errors="0" timestamp="2024-08-21T22:23:18 IST" skipped="0">
  <testcase classname="practice_test.API_Key" name="api_key_Token" time="6.229"/>
  <system-out/>
</testsuite> <!-- practice_test.API_Key -->
