<?xml version="1.0" encoding="UTF-8"?>
<!-- Generated by org.testng.reporters.JUnitReportReporter -->
<testsuite hostname="DESKTOP-UBD8RA6" failures="0" tests="2" name="practice_test.Get_Method" time="3.186" errors="0" timestamp="2024-08-13T00:17:02 IST" skipped="0">
  <testcase classname="practice_test.Get_Method" name="tc2" time="0.256"/>
  <system-out/>
  <testcase classname="practice_test.Get_Method" name="tc" time="2.930"/>
  <system-out/>
</testsuite> <!-- practice_test.Get_Method -->
