<?xml version="1.0" encoding="UTF-8"?>
<!-- Generated by org.testng.reporters.JUnitReportReporter -->
<testsuite hostname="DESKTOP-UBD8RA6" failures="0" tests="1" name="practice_test.Delete" time="3.491" errors="0" timestamp="2024-08-13T01:44:05 IST" skipped="0">
  <testcase classname="practice_test.Delete" name="tc5" time="3.491"/>
  <system-out/>
</testsuite> <!-- practice_test.Delete -->
