<?xml version="1.0" encoding="UTF-8"?>
<!-- Generated by org.testng.reporters.JUnitReportReporter -->
<testsuite hostname="DESKTOP-UBD8RA6" failures="0" tests="1" name="practice_test.First_TC" time="2.791" errors="0" timestamp="2024-08-12T14:49:40 IST" skipped="0">
  <testcase classname="practice_test.First_TC" name="tc1" time="2.791"/>
  <system-out/>
</testsuite> <!-- practice_test.First_TC -->
