<?xml version="1.0" encoding="UTF-8"?>
<!-- Generated by org.testng.reporters.JUnitReportReporter -->
<testsuite hostname="DESKTOP-UBD8RA6" failures="0" tests="2" name="practice_test.Validate_HTTP_Response" time="2.905" errors="0" timestamp="2024-08-13T13:13:06 IST" skipped="0">
  <testcase classname="practice_test.Validate_HTTP_Response" name="bDD_Stye" time="2.675"/>
  <system-out/>
  <testcase classname="practice_test.Validate_HTTP_Response" name="getSingleUser" time="0.230"/>
  <system-out/>
</testsuite> <!-- practice_test.Validate_HTTP_Response -->
