<?xml version="1.0" encoding="UTF-8"?>
<!-- Generated by org.testng.reporters.JUnitReportReporter -->
<testsuite hostname="DESKTOP-UBD8RA6" failures="0" tests="1" name="practice_test.Post_Method" time="3.394" errors="0" timestamp="2024-08-22T14:53:36 IST" skipped="0">
  <testcase classname="practice_test.Post_Method" name="tc2" time="3.394"/>
  <system-out/>
</testsuite> <!-- practice_test.Post_Method -->
