<?xml version="1.0" encoding="UTF-8"?>
<!-- Generated by org.testng.reporters.JUnitReportReporter -->
<testsuite hostname="DESKTOP-UBD8RA6" failures="0" tests="2" name="practice_test.Quary_Pram" time="1.923" errors="0" timestamp="2024-08-13T18:03:20 IST" skipped="0">
  <testcase classname="practice_test.Quary_Pram" name="bddstyle_QueryParam" time="1.444"/>
  <system-out/>
  <testcase classname="practice_test.Quary_Pram" name="queryParam" time="0.479"/>
  <system-out/>
</testsuite> <!-- practice_test.Quary_Pram -->
