<?xml version="1.0" encoding="UTF-8"?>
<!-- Generated by org.testng.reporters.JUnitReportReporter -->
<testsuite hostname="DESKTOP-UBD8RA6" failures="0" tests="1" name="practice_test.Put_Method" time="3.529" errors="0" timestamp="2024-08-13T01:39:25 IST" skipped="0">
  <testcase classname="practice_test.Put_Method" name="tc2" time="3.529"/>
  <system-out/>
</testsuite> <!-- practice_test.Put_Method -->
