<?xml version="1.0" encoding="UTF-8"?>
<!-- Generated by org.testng.reporters.JUnitReportReporter -->
<testsuite hostname="DESKTOP-UBD8RA6" failures="0" tests="2" name="practice_test.BasicAuth_DigestAuth" time="7.912" errors="0" timestamp="2024-08-13T23:25:22 IST" skipped="0">
  <testcase classname="practice_test.BasicAuth_DigestAuth" name="basic_Auth" time="5.420"/>
  <system-out/>
  <testcase classname="practice_test.BasicAuth_DigestAuth" name="digest_Auth" time="2.492"/>
  <system-out/>
</testsuite> <!-- practice_test.BasicAuth_DigestAuth -->
