<?xml version="1.0" encoding="UTF-8"?>
<!-- Generated by org.testng.reporters.JUnitReportReporter -->
<testsuite hostname="DESKTOP-UBD8RA6" failures="0" tests="2" name="practice_test.Validate_HTTP_Header" time="2.874" errors="0" timestamp="2024-08-13T15:57:08 IST" skipped="0">
  <testcase classname="practice_test.Validate_HTTP_Header" name="bDDStyle" time="2.696"/>
  <system-out/>
  <testcase classname="practice_test.Validate_HTTP_Header" name="header" time="0.178"/>
  <system-out/>
</testsuite> <!-- practice_test.Validate_HTTP_Header -->
