<?xml version="1.0" encoding="UTF-8"?>
<!-- Generated by org.testng.reporters.JUnitReportReporter -->
<testsuite hostname="DESKTOP-UBD8RA6" failures="0" tests="6" name="testNG.Invication_Count" time="0.017" errors="0" timestamp="2024-09-11T16:23:24 IST" skipped="0">
  <testcase classname="testNG.Invication_Count" name="tC1" time="0.012"/>
  <system-out/>
  <testcase classname="testNG.Invication_Count" name="tC2" time="0.001"/>
  <system-out/>
  <testcase classname="testNG.Invication_Count" name="tC1" time="0.001"/>
  <system-out/>
  <testcase classname="testNG.Invication_Count" name="tC2" time="0.001"/>
  <system-out/>
  <testcase classname="testNG.Invication_Count" name="tC3" time="0.001"/>
  <system-out/>
  <testcase classname="testNG.Invication_Count" name="tC1" time="0.001"/>
  <system-out/>
</testsuite> <!-- testNG.Invication_Count -->
