<?xml version="1.0" encoding="UTF-8"?>
<!-- Generated by org.testng.reporters.JUnitReportReporter -->
<testsuite hostname="DESKTOP-UBD8RA6" failures="0" tests="5" name="testNG.Priortizing_TestCases" time="0.015" errors="0" timestamp="2024-09-11T16:22:29 IST" skipped="0">
  <testcase classname="testNG.Priortizing_TestCases" name="tC4" time="0.009"/>
  <system-out/>
  <testcase classname="testNG.Priortizing_TestCases" name="tC5" time="0.001"/>
  <system-out/>
  <testcase classname="testNG.Priortizing_TestCases" name="tC1" time="0.002"/>
  <system-out/>
  <testcase classname="testNG.Priortizing_TestCases" name="tC3" time="0.002"/>
  <system-out/>
  <testcase classname="testNG.Priortizing_TestCases" name="tC2" time="0.001"/>
  <system-out/>
</testsuite> <!-- testNG.Priortizing_TestCases -->
